<?xml version="1.0" encoding="UTF-8"?>
<!-- Generated by org.testng.reporters.JUnitReportReporter -->
<testsuite hostname="LAPTOP-SLKCGN62" failures="0" tests="1" name="selenium.LcTable" time="5.254" errors="0" timestamp="2023-04-25T10:42:57 IST" skipped="0">
  <testcase classname="selenium.LcTable" name="simpleTable" time="5.254"/>
  <system-out/>
</testsuite> <!-- selenium.LcTable -->
