<?xml version="1.0" encoding="UTF-8"?>
<!-- Generated by org.testng.reporters.JUnitReportReporter -->
<testsuite hostname="LAPTOP-SLKCGN62" failures="0" tests="1" name="selenium.LcMultiSelect" time="16.670" errors="0" timestamp="2023-04-18T14:15:35 IST" skipped="0">
  <testcase classname="selenium.LcMultiSelect" name="aui4" time="16.670"/>
  <system-out/>
</testsuite> <!-- selenium.LcMultiSelect -->
