<?xml version="1.0" encoding="UTF-8"?>
<!-- Generated by org.testng.reporters.JUnitReportReporter -->
<testsuite hostname="LAPTOP-SLKCGN62" failures="0" tests="1" name="selenium.LcAlertDialog" time="3.177" errors="0" timestamp="2023-04-23T09:47:30 IST" skipped="0">
  <testcase classname="selenium.LcAlertDialog" name="dialog" time="3.177"/>
  <system-out/>
</testsuite> <!-- selenium.LcAlertDialog -->
