<?xml version="1.0" encoding="UTF-8"?>
<!-- Generated by org.testng.reporters.JUnitReportReporter -->
<testsuite hostname="LAPTOP-SLKCGN62" failures="0" tests="1" name="selenium.LcSort" time="4.586" errors="0" timestamp="2023-04-18T14:18:22 IST" skipped="0">
  <testcase classname="selenium.LcSort" name="aui3" time="4.586"/>
  <system-out/>
</testsuite> <!-- selenium.LcSort -->
