<?xml version="1.0" encoding="UTF-8"?>
<!-- Generated by org.testng.reporters.JUnitReportReporter -->
<testsuite hostname="LAPTOP-SLKCGN62" failures="0" tests="1" name="selenium.LcWindow" time="5.811" errors="0" timestamp="2023-04-23T09:59:34 IST" skipped="0">
  <testcase classname="selenium.LcWindow" name="windowHandling" time="5.811"/>
  <system-out/>
</testsuite> <!-- selenium.LcWindow -->
