<?xml version="1.0" encoding="UTF-8"?>
<!-- Generated by org.testng.reporters.JUnitReportReporter -->
<testsuite hostname="LAPTOP-SLKCGN62" failures="0" tests="1" name="selenium.LcSnackGame" time="5.167" errors="0" timestamp="2023-04-17T13:37:52 IST" skipped="0">
  <testcase classname="selenium.LcSnackGame" name="playIt" time="5.167"/>
  <system-out/>
</testsuite> <!-- selenium.LcSnackGame -->
