<?xml version="1.0" encoding="UTF-8"?>
<!-- Generated by org.testng.reporters.JUnitReportReporter -->
<testsuite hostname="LAPTOP-SLKCGN62" failures="0" tests="1" name="selenium.LcFile" time="18.635" errors="0" timestamp="2023-04-17T11:40:20 IST" skipped="0">
  <testcase classname="selenium.LcFile" name="fileManagement" time="18.635"/>
  <system-out/>
</testsuite> <!-- selenium.LcFile -->
