<?xml version="1.0" encoding="UTF-8"?>
<!-- Generated by org.testng.reporters.JUnitReportReporter -->
<testsuite hostname="LAPTOP-SLKCGN62" failures="0" tests="1" name="selenium.LcForms" time="3.429" errors="0" timestamp="2023-04-20T10:57:34 IST" skipped="0">
  <testcase classname="selenium.LcForms" name="allInOne" time="3.429"/>
  <system-out/>
</testsuite> <!-- selenium.LcForms -->
