<?xml version="1.0" encoding="UTF-8"?>
<!-- Generated by org.testng.reporters.JUnitReportReporter -->
<testsuite hostname="LAPTOP-SLKCGN62" failures="0" tests="2" name="testNgBasic.LearnGroups" time="0.009" errors="0" timestamp="2023-04-25T21:33:19 IST" skipped="0">
  <testcase classname="testNgBasic.LearnGroups" name="addToCart" time="0.007"/>
  <system-out/>
  <testcase classname="testNgBasic.LearnGroups" name="signUp" time="0.002"/>
  <system-out/>
</testsuite> <!-- testNgBasic.LearnGroups -->
