<?xml version="1.0" encoding="UTF-8"?>
<!-- Generated by org.testng.reporters.JUnitReportReporter -->
<testsuite hostname="LAPTOP-SLKCGN62" failures="0" tests="1" name="selenium.LcInput" time="3.986" errors="0" timestamp="2023-04-11T14:51:10 IST" skipped="0">
  <testcase classname="selenium.LcInput" name="edit" time="3.986"/>
  <system-out/>
</testsuite> <!-- selenium.LcInput -->
