<?xml version="1.0" encoding="UTF-8"?>
<!-- Generated by org.testng.reporters.JUnitReportReporter -->
<testsuite hostname="LAPTOP-SLKCGN62" failures="0" tests="1" name="selenium.LcButton" time="6.017" errors="0" timestamp="2023-04-23T09:54:31 IST" skipped="0">
  <testcase classname="selenium.LcButton" name="button" time="6.017"/>
  <system-out/>
</testsuite> <!-- selenium.LcButton -->
