<?xml version="1.0" encoding="UTF-8"?>
<!-- Generated by org.testng.reporters.JUnitReportReporter -->
<testsuite hostname="LAPTOP-SLKCGN62" failures="0" tests="1" name="testNgBasic.LearnFindElements" time="7.590" errors="0" timestamp="2023-04-23T11:01:21 IST" skipped="0">
  <testcase classname="testNgBasic.LearnFindElements" name="findElements" time="7.590"/>
  <system-out/>
</testsuite> <!-- testNgBasic.LearnFindElements -->
