<?xml version="1.0" encoding="UTF-8"?>
<!-- Generated by org.testng.reporters.JUnitReportReporter -->
<testsuite hostname="LAPTOP-SLKCGN62" failures="0" tests="1" name="selenium.testNG" time="2.981" errors="0" timestamp="2023-04-04T20:25:36 IST" skipped="0">
  <testcase classname="selenium.testNG" name="checkTheUrl" time="2.981"/>
  <system-out/>
</testsuite> <!-- selenium.testNG -->
