<?xml version="1.0" encoding="UTF-8"?>
<!-- Generated by org.testng.reporters.JUnitReportReporter -->
<testsuite hostname="LAPTOP-SLKCGN62" failures="0" tests="1" name="selenium.input" time="18.962" errors="0" timestamp="2023-04-06T13:14:49 IST" skipped="0">
  <testcase classname="selenium.input" name="edit" time="18.962"/>
  <system-out/>
</testsuite> <!-- selenium.input -->
