<?xml version="1.0" encoding="UTF-8"?>
<!-- Generated by org.testng.reporters.JUnitReportReporter -->
<testsuite hostname="LAPTOP-SLKCGN62" failures="0" tests="1" name="testNgBasic.LcWindow" time="7.506" errors="0" timestamp="2023-04-23T11:00:38 IST" skipped="0">
  <testcase classname="testNgBasic.LcWindow" name="windowHandling" time="7.506"/>
  <system-out/>
</testsuite> <!-- testNgBasic.LcWindow -->
