<?xml version="1.0" encoding="UTF-8"?>
<!-- Generated by org.testng.reporters.JUnitReportReporter -->
<testsuite hostname="LAPTOP-SLKCGN62" failures="0" tests="1" name="selenium.Button" time="9.625" errors="0" timestamp="2023-04-05T11:52:13 IST" skipped="0">
  <testcase classname="selenium.Button" name="button" time="9.625"/>
  <system-out/>
</testsuite> <!-- selenium.Button -->
