<?xml version="1.0" encoding="UTF-8"?>
<!-- Generated by org.testng.reporters.JUnitReportReporter -->
<testsuite hostname="LAPTOP-SLKCGN62" failures="0" tests="1" name="selenium.LcCalendar" time="12.618" errors="0" timestamp="2023-04-17T13:24:56 IST" skipped="0">
  <testcase classname="selenium.LcCalendar" name="DateAndTime" time="12.618"/>
  <system-out/>
</testsuite> <!-- selenium.LcCalendar -->
